2025-05-30 14:59:42,279 - taskreport.py - config - 31 - INFO - タスクレポート自動作成スクリプトを開始します。
2025-05-30 14:59:42,281 - taskreport.py - config - 38 - INFO - ユーザーに対応種別の入力を促します。
2025-05-30 14:59:45,589 - taskreport.py - config - 41 - INFO - ユーザーが選択した対応種別: tf
2025-05-30 14:59:45,590 - taskreport.py - config - 55 - INFO - WebDriver (Chrome) を初期化します。
2025-05-30 14:59:46,824 - taskreport.py - config - 59 - INFO - タスクレポートシステムURLにアクセスします: https://taskreport.e-school.jp/bugfix.php
2025-05-30 14:59:53,829 - taskreport.py - config - 62 - INFO - 「新規バグ報告」ボタンをクリックします。
2025-05-30 14:59:53,922 - taskreport.py - config - 68 - INFO - フォームハンドラを初期化し、アイテムを設定します。
2025-05-30 14:59:54,722 - taskreport.py - config - 79 - INFO - 処理完了メッセージを表示します。
2025-05-30 15:00:50,087 - taskreport.py - config - 82 - INFO - タスクレポート自動作成スクリプトを終了します。
2025-05-30 15:01:29,468 - taskreport.py - config - 31 - INFO - タスクレポート自動作成スクリプトを開始します。
2025-05-30 15:01:29,468 - taskreport.py - config - 38 - INFO - ユーザーに対応種別の入力を促します。
2025-05-30 15:01:56,743 - taskreport.py - config - 41 - INFO - ユーザーが選択した対応種別: s
2025-05-30 15:01:56,743 - taskreport.py - config - 55 - INFO - WebDriver (Chrome) を初期化します。
2025-05-30 15:01:57,964 - taskreport.py - config - 59 - INFO - タスクレポートシステムURLにアクセスします: https://taskreport.e-school.jp/bugfix.php
2025-05-30 15:02:02,656 - taskreport.py - config - 62 - INFO - 「新規バグ報告」ボタンをクリックします。
2025-05-30 15:02:02,707 - taskreport.py - config - 68 - INFO - フォームハンドラを初期化し、アイテムを設定します。
2025-05-30 15:02:03,279 - taskreport.py - config - 79 - INFO - 処理完了メッセージを表示します。
2025-05-30 15:06:11,163 - taskreport.py - config - 34 - INFO - タスクレポート自動作成スクリプトを開始します。
2025-05-30 15:06:11,163 - taskreport.py - config - 42 - INFO - ユーザーに対応種別の入力を促します。
2025-05-30 15:06:15,807 - taskreport.py - config - 49 - INFO - ユーザーが選択した対応種別: tf
2025-05-30 15:06:15,808 - taskreport.py - config - 66 - INFO - WebDriver (Chrome) を初期化します。
2025-05-30 15:06:18,295 - taskreport.py - config - 76 - INFO - タスクレポートシステムURLにアクセスします: https://taskreport.e-school.jp/bugfix.php
2025-05-30 15:06:22,735 - taskreport.py - config - 80 - INFO - 「新規バグ報告」ボタンをクリックします。
2025-05-30 15:06:22,785 - taskreport.py - config - 92 - INFO - フォームハンドラを初期化します。
2025-05-30 15:06:22,786 - form_handler.py - config - 32 - INFO - form_handlerが初期化されました。対応種別: 'tf', 環境名: ''
2025-05-30 15:06:22,786 - taskreport.py - config - 94 - INFO - フォームアイテムを設定します。
2025-05-30 15:06:22,786 - form_handler.py - config - 47 - INFO - フォームアイテムの設定を開始します。
2025-05-30 15:06:22,786 - form_handler.py - config - 68 - DEBUG - プレースホルダ置換前の初期フォームデータ: {'Schools': {'attribut_name': 'who_edit', 'value': 'tframe'}, 'Project': {'attribut_name': 'project', 'value': 'TCNz004PH'}, 'Priority': {'attribut_name': 'priority_edit', 'value': 'Serious'}, 'Uploader': {'attribut_name': 'uploader_edit', 'value': 'kageyama'}, 'Category': {'attribut_name': 'where_edit', 'value': '種別 機能番号'}, 'Title': {'attribut_name': 'what_edit', 'value': '【Culture】機能名'}, 'Owner': {'attribut_name': 'owned_edit', 'value': 'kageyama'}, 'Comments': {'attribut_name': 'comments', 'value': '保存URL:\r\nhttps://drive.google.com/drive/folders/1H5jEButNwT_J55h7B4B6V7lqjHfvr-Ti\r\n\r\n日本語仕様書フォルダ：\r\n002.Customer(Tframe)/001.JP_Document/002.Culture/01.詳細設計書/☆★43.謝礼合計(shareiTotal)\r\n\r\n仕様書：\r\n43-50.講師謝礼明細（個人）_【CultureT】_20250519.xlsx'}}
2025-05-30 15:06:22,787 - form_handler.py - config - 83 - DEBUG - プレースホルダ置換後の最終フォームデータ: {'Schools': {'attribut_name': 'who_edit', 'value': 'tframe'}, 'Project': {'attribut_name': 'project', 'value': 'TCNz004PH'}, 'Priority': {'attribut_name': 'priority_edit', 'value': 'Serious'}, 'Uploader': {'attribut_name': 'uploader_edit', 'value': 'kageyama'}, 'Category': {'attribut_name': 'where_edit', 'value': '種別 機能番号'}, 'Title': {'attribut_name': 'what_edit', 'value': '【Culture】機能名'}, 'Owner': {'attribut_name': 'owned_edit', 'value': 'kageyama'}, 'Comments': {'attribut_name': 'comments', 'value': '保存URL:\r\nhttps://drive.google.com/drive/folders/1H5jEButNwT_J55h7B4B6V7lqjHfvr-Ti\r\n\r\n日本語仕様書フォルダ：\r\n002.Customer(Tframe)/001.JP_Document/002.Culture/01.詳細設計書/☆★43.謝礼合計(shareiTotal)\r\n\r\n仕様書：\r\n43-50.講師謝礼明細（個人）_【CultureT】_20250519.xlsx'}}
2025-05-30 15:06:22,787 - form_handler.py - config - 88 - INFO - ウェブページ上のフォーム要素への入力を開始します。
2025-05-30 15:06:22,787 - form_handler.py - config - 95 - INFO - 処理中フィールド: 'Schools', HTML属性: 'who_edit', 値: 'tframe'
2025-05-30 15:06:22,788 - form_handler.py - config - 103 - DEBUG - フィールド 'Schools' に select を使用します。
2025-05-30 15:06:22,941 - form_handler.py - config - 95 - INFO - 処理中フィールド: 'Project', HTML属性: 'project', 値: 'TCNz004PH'
2025-05-30 15:06:22,941 - form_handler.py - config - 100 - DEBUG - フィールド 'Project' に send_keys を使用します。
2025-05-30 15:06:22,991 - form_handler.py - config - 95 - INFO - 処理中フィールド: 'Priority', HTML属性: 'priority_edit', 値: 'Serious'
2025-05-30 15:06:22,991 - form_handler.py - config - 103 - DEBUG - フィールド 'Priority' に select を使用します。
2025-05-30 15:06:23,032 - form_handler.py - config - 95 - INFO - 処理中フィールド: 'Uploader', HTML属性: 'uploader_edit', 値: 'kageyama'
2025-05-30 15:06:23,032 - form_handler.py - config - 103 - DEBUG - フィールド 'Uploader' に select を使用します。
2025-05-30 15:06:23,070 - form_handler.py - config - 95 - INFO - 処理中フィールド: 'Category', HTML属性: 'where_edit', 値: '種別 機能番号'
2025-05-30 15:06:23,070 - form_handler.py - config - 100 - DEBUG - フィールド 'Category' に send_keys を使用します。
2025-05-30 15:06:23,117 - form_handler.py - config - 95 - INFO - 処理中フィールド: 'Title', HTML属性: 'what_edit', 値: '【Culture】機能名'
2025-05-30 15:06:23,118 - form_handler.py - config - 100 - DEBUG - フィールド 'Title' に send_keys を使用します。
2025-05-30 15:06:23,168 - form_handler.py - config - 95 - INFO - 処理中フィールド: 'Owner', HTML属性: 'owned_edit', 値: 'kageyama'
2025-05-30 15:06:23,168 - form_handler.py - config - 103 - DEBUG - フィールド 'Owner' に select を使用します。
2025-05-30 15:06:23,206 - form_handler.py - config - 95 - INFO - 処理中フィールド: 'Comments', HTML属性: 'comments', 値: '保存URL:
https://drive.google.c...'
2025-05-30 15:06:23,206 - form_handler.py - config - 100 - DEBUG - フィールド 'Comments' に send_keys を使用します。
2025-05-30 15:06:23,520 - form_handler.py - config - 110 - INFO - フォーム要素への入力を完了しました。
2025-05-30 15:06:23,580 - taskreport.py - config - 103 - INFO - 処理完了メッセージを表示します。
2025-05-30 15:27:02,222 - taskreport.py - config - 111 - INFO - WebDriverを終了します。
2025-05-30 15:27:04,496 - taskreport.py - config - 113 - INFO - タスクレポート自動作成スクリプトを終了します。
