2025-06-02 14:59:59,405 - taskreport.py - config - 34 - INFO - タスクレポート自動作成スクリプトを開始します。
2025-06-02 14:59:59,407 - taskreport.py - config - 42 - INFO - ユーザーに対応種別の入力を促します。
2025-06-02 15:00:03,380 - taskreport.py - config - 49 - INFO - ユーザーが選択した対応種別: tf
2025-06-02 15:00:03,380 - taskreport.py - config - 66 - INFO - WebDriver (Chrome) を初期化します。
2025-06-02 15:00:05,915 - taskreport.py - config - 76 - INFO - タスクレポートシステムURLにアクセスします: https://taskreport.e-school.jp/bugfix.php
2025-06-02 15:00:10,660 - taskreport.py - config - 80 - INFO - 「新規バグ報告」ボタンをクリックします。
2025-06-02 15:00:10,788 - taskreport.py - config - 92 - INFO - フォームハンドラを初期化します。
2025-06-02 15:00:10,789 - form_handler.py - config - 32 - INFO - form_handlerが初期化されました。対応種別: 'tf', 環境名: ''
2025-06-02 15:00:10,790 - taskreport.py - config - 94 - INFO - フォームアイテムを設定します。
2025-06-02 15:00:10,790 - form_handler.py - config - 47 - INFO - フォームアイテムの設定を開始します。
2025-06-02 15:00:10,791 - form_handler.py - config - 68 - DEBUG - プレースホルダ置換前の初期フォームデータ: {'Schools': {'attribut_name': 'who_edit', 'value': 'tframe'}, 'Project': {'attribut_name': 'project', 'value': 'TCNz004PH'}, 'Priority': {'attribut_name': 'priority_edit', 'value': 'Serious'}, 'Uploader': {'attribut_name': 'uploader_edit', 'value': 'kageyama'}, 'Category': {'attribut_name': 'where_edit', 'value': '種別 機能番号'}, 'Title': {'attribut_name': 'what_edit', 'value': '【Culture】機能名'}, 'Owner': {'attribut_name': 'owned_edit', 'value': 'kageyama'}, 'Comments': {'attribut_name': 'comments', 'value': '保存URL:\r\nhttps://drive.google.com/drive/folders/1H5jEButNwT_J55h7B4B6V7lqjHfvr-Ti\r\n\r\n日本語仕様書フォルダ：\r\n002.Customer(Tframe)/001.JP_Document/002.Culture/01.詳細設計書/☆★43.謝礼合計(shareiTotal)\r\n\r\n仕様書：\r\n43-50.講師謝礼明細（個人）_【CultureT】_20250519.xlsx'}}
2025-06-02 15:00:10,792 - form_handler.py - config - 83 - DEBUG - プレースホルダ置換後の最終フォームデータ: {'Schools': {'attribut_name': 'who_edit', 'value': 'tframe'}, 'Project': {'attribut_name': 'project', 'value': 'TCNz004PH'}, 'Priority': {'attribut_name': 'priority_edit', 'value': 'Serious'}, 'Uploader': {'attribut_name': 'uploader_edit', 'value': 'kageyama'}, 'Category': {'attribut_name': 'where_edit', 'value': '種別 機能番号'}, 'Title': {'attribut_name': 'what_edit', 'value': '【Culture】機能名'}, 'Owner': {'attribut_name': 'owned_edit', 'value': 'kageyama'}, 'Comments': {'attribut_name': 'comments', 'value': '保存URL:\r\nhttps://drive.google.com/drive/folders/1H5jEButNwT_J55h7B4B6V7lqjHfvr-Ti\r\n\r\n日本語仕様書フォルダ：\r\n002.Customer(Tframe)/001.JP_Document/002.Culture/01.詳細設計書/☆★43.謝礼合計(shareiTotal)\r\n\r\n仕様書：\r\n43-50.講師謝礼明細（個人）_【CultureT】_20250519.xlsx'}}
2025-06-02 15:00:10,792 - form_handler.py - config - 88 - INFO - ウェブページ上のフォーム要素への入力を開始します。
2025-06-02 15:00:10,792 - form_handler.py - config - 95 - INFO - 処理中フィールド: 'Schools', HTML属性: 'who_edit', 値: 'tframe'
2025-06-02 15:00:10,792 - form_handler.py - config - 103 - DEBUG - フィールド 'Schools' に select を使用します。
2025-06-02 15:00:10,944 - form_handler.py - config - 95 - INFO - 処理中フィールド: 'Project', HTML属性: 'project', 値: 'TCNz004PH'
2025-06-02 15:00:10,945 - form_handler.py - config - 100 - DEBUG - フィールド 'Project' に send_keys を使用します。
2025-06-02 15:00:11,016 - form_handler.py - config - 95 - INFO - 処理中フィールド: 'Priority', HTML属性: 'priority_edit', 値: 'Serious'
2025-06-02 15:00:11,016 - form_handler.py - config - 103 - DEBUG - フィールド 'Priority' に select を使用します。
2025-06-02 15:00:11,093 - form_handler.py - config - 95 - INFO - 処理中フィールド: 'Uploader', HTML属性: 'uploader_edit', 値: 'kageyama'
2025-06-02 15:00:11,093 - form_handler.py - config - 103 - DEBUG - フィールド 'Uploader' に select を使用します。
2025-06-02 15:00:11,147 - form_handler.py - config - 95 - INFO - 処理中フィールド: 'Category', HTML属性: 'where_edit', 値: '種別 機能番号'
2025-06-02 15:00:11,147 - form_handler.py - config - 100 - DEBUG - フィールド 'Category' に send_keys を使用します。
2025-06-02 15:00:11,214 - form_handler.py - config - 95 - INFO - 処理中フィールド: 'Title', HTML属性: 'what_edit', 値: '【Culture】機能名'
2025-06-02 15:00:11,214 - form_handler.py - config - 100 - DEBUG - フィールド 'Title' に send_keys を使用します。
2025-06-02 15:00:11,299 - form_handler.py - config - 95 - INFO - 処理中フィールド: 'Owner', HTML属性: 'owned_edit', 値: 'kageyama'
2025-06-02 15:00:11,299 - form_handler.py - config - 103 - DEBUG - フィールド 'Owner' に select を使用します。
2025-06-02 15:00:11,355 - form_handler.py - config - 95 - INFO - 処理中フィールド: 'Comments', HTML属性: 'comments', 値: '保存URL:
https://drive.google.c...'
2025-06-02 15:00:11,355 - form_handler.py - config - 100 - DEBUG - フィールド 'Comments' に send_keys を使用します。
2025-06-02 15:00:11,843 - form_handler.py - config - 110 - INFO - フォーム要素への入力を完了しました。
2025-06-02 15:00:12,021 - taskreport.py - config - 103 - INFO - 処理完了メッセージを表示します。
2025-06-02 15:00:20,863 - taskreport.py - config - 111 - INFO - WebDriverを終了します。
2025-06-02 15:00:23,099 - taskreport.py - config - 113 - INFO - タスクレポート自動作成スクリプトを終了します。
